<?xml version="1.0" encoding="UTF-8"?>
<!-- Generated by org.testng.reporters.JUnitXMLReporter -->
<testsuite ignored="0" hostname="DESKTOP-BEBTCQ0" failures="0" tests="3" name="Test01" time="23.181" errors="0" timestamp="2024-04-24T20:35:43 IST">
  <testcase classname="zPractice.DemoTest" name="firstTestNGTest" time="0.011"/>
  <testcase classname="zPractice.DemoTest" name="sencondTestNGTest" time="0.014"/>
  <testcase classname="zPractice.TestOHRMApp" name="firstTestNGTest" time="22.937"/>
</testsuite> <!-- Test01 -->
