<?xml version="1.0" encoding="UTF-8"?>
<testng-results ignored="0" total="1" passed="1" failed="0" skipped="0">
  <reporter-output>
  </reporter-output>
  <suite started-at="2024-04-29T20:16:33 IST" name="Default suite" finished-at="2024-04-29T20:17:53 IST" duration-ms="79597">
    <groups>
    </groups>
    <test started-at="2024-04-29T20:16:33 IST" name="Default test" finished-at="2024-04-29T20:17:53 IST" duration-ms="79597">
      <class name="zPractice.TestOHRMApp">
        <test-method is-config="true" signature="browserSetup()[pri:0, instance:zPractice.TestOHRMApp@6dc17b83]" started-at="2024-04-29T20:16:33 IST" name="browserSetup" finished-at="2024-04-29T20:16:56 IST" duration-ms="23108" status="PASS">
          <reporter-output>
          </reporter-output>
        </test-method> <!-- browserSetup -->
        <test-method signature="firstTestNGTest()[pri:0, instance:zPractice.TestOHRMApp@6dc17b83]" started-at="2024-04-29T20:16:57 IST" name="firstTestNGTest" finished-at="2024-04-29T20:17:48 IST" duration-ms="51234" status="PASS">
          <reporter-output>
          </reporter-output>
        </test-method> <!-- firstTestNGTest -->
        <test-method is-config="true" signature="browserClosing()[pri:0, instance:zPractice.TestOHRMApp@6dc17b83]" started-at="2024-04-29T20:17:48 IST" name="browserClosing" finished-at="2024-04-29T20:17:53 IST" duration-ms="4947" status="PASS">
          <reporter-output>
          </reporter-output>
        </test-method> <!-- browserClosing -->
      </class> <!-- zPractice.TestOHRMApp -->
    </test> <!-- Default test -->
  </suite> <!-- Default suite -->
</testng-results>
