<?xml version="1.0" encoding="UTF-8"?>
<testng-results ignored="0" total="1" passed="1" failed="0" skipped="0">
  <reporter-output>
  </reporter-output>
  <suite started-at="2024-05-03T19:35:44 IST" name="Default suite" finished-at="2024-05-03T19:35:44 IST" duration-ms="260">
    <groups>
    </groups>
    <test started-at="2024-05-03T19:35:44 IST" name="Default test" finished-at="2024-05-03T19:35:44 IST" duration-ms="260">
      <class name="zPractice.GitTestClass">
        <test-method signature="demoTest()[pri:0, instance:zPractice.GitTestClass@3daa422a]" started-at="2024-05-03T19:35:44 IST" name="demoTest" finished-at="2024-05-03T19:35:44 IST" duration-ms="47" status="PASS">
          <reporter-output>
          </reporter-output>
        </test-method> <!-- demoTest -->
      </class> <!-- zPractice.GitTestClass -->
    </test> <!-- Default test -->
  </suite> <!-- Default suite -->
</testng-results>
